{"error":{},"level":"error","message":"Falha ao obter posts"}
{"error":{},"level":"error","message":"Falha ao obter posts"}
{"level":"info","message":"Posts obtidos com sucesso"}
{"level":"error","message":"Ops, alguma coisa correu mal"}
{"level":"info","message":"Posts obtidos com sucesso"}
{"level":"error","message":"Ops, alguma coisa correu mal"}
{"level":"info","message":"Posts obtidos com sucesso"}
{"level":"error","message":"Ops, alguma coisa correu mal"}
{"level":"info","message":"Posts obtidos com sucesso"}
{"level":"info","message":"Posts obtidos com sucesso"}
{"level":"info","message":"Posts obtidos com sucesso"}
{"level":"info","message":"Posts obtidos com sucesso"}
{"level":"info","message":"Posts obtidos com sucesso"}
{"level":"info","message":"Posts obtidos com sucesso"}
{"error":{"clientVersion":"5.16.1","name":"PrismaClientInitializationError"},"level":"error","message":"Falha ao obter posts"}
{"level":"error","message":"Ops, alguma coisa correu mal"}
{"error":{"clientVersion":"5.16.1","name":"PrismaClientInitializationError"},"level":"error","message":"Falha ao obter posts"}
{"level":"info","message":"Posts obtidos com sucesso"}
{"error":{},"level":"error","message":"Falha ao obter posts"}
{"error":{},"level":"error","message":"Falha ao obter posts"}
{"error":{"clientVersion":"5.16.1","name":"PrismaClientValidationError"},"level":"error","message":"Falha ao obter posts"}
{"error":{"clientVersion":"5.16.1","name":"PrismaClientInitializationError"},"level":"error","message":"Falha ao obter posts"}
{"level":"info","message":"Posts obtidos com sucesso"}
{"error":{},"level":"error","message":"Falha ao obter o post com o slug: ","slug":"webpack-um-guia-para-iniciantess"}
{"level":"info","message":"Posts obtidos com sucesso"}
{"error":{},"level":"error","message":"Falha ao obter o post com o slug: ","slug":"webpack-um-guia-para-iniciantess"}
{"error":{},"level":"error","message":"Falha ao obter o post com o slug: ","slug":"webpack-um-guia-para-iniciantess"}
{"error":{},"level":"error","message":"Falha ao obter o post com o slug: ","slug":"webpack-um-guia-para-iniciantess"}
{"error":{},"level":"error","message":"Falha ao obter o post com o slug: ","slug":"webpack-um-guia-para-iniciantess"}
{"error":{},"level":"error","message":"Falha ao obter o post com o slug: ","slug":"webpack-um-guia-para-iniciantess"}
{"level":"info","message":"Posts obtidos com sucesso"}
{"error":{},"level":"error","message":"Falha ao obter o post com o slug: ","slug":"otimizacao-de-performance-no-s"}
{"level":"info","message":"Posts obtidos com sucesso"}
{"error":{},"level":"error","message":"Falha ao obter o post com o slug: ","slug":"otimizacao-de-performance-no-s"}
{"error":{},"level":"error","message":"Falha ao obter o post com o slug: ","slug":"otimizacao-de-performance-no-s"}
{"error":{},"level":"error","message":"Falha ao obter o post com o slug: ","slug":"otimizacao-de-performance-no-s"}
{"level":"info","message":"Posts obtidos com sucesso"}
{"error":{},"level":"error","message":"Falha ao obter o post com o slug: ","slug":"otimizacao-de-performance-no-s"}
{"level":"info","message":"Posts obtidos com sucesso"}
{"error":{},"level":"error","message":"Falha ao obter o post com o slug: ","slug":"otimizacao-de-performance-no-reacts"}
{"level":"info","message":"Posts obtidos com sucesso"}
{"error":{},"level":"error","message":"Falha ao obter o post com o slug: ","slug":"introducao-ao-reactrr"}
{"level":"info","message":"Posts obtidos com sucesso"}
